[2019-08-27 15:20:48.569] [exthost] [info] extension host started
[2019-08-27 15:20:48.710] [exthost] [info] ExtensionService#_doActivateExtension vscode.debug-auto-launch {"startup":true,"activationEvent":"*"}
[2019-08-27 15:20:48.712] [exthost] [info] ExtensionService#loadCommonJSModule /usr/share/code/resources/app/extensions/debug-auto-launch/dist/extension
[2019-08-27 15:20:48.727] [exthost] [info] ExtensionService#_doActivateExtension vscode.emmet {"startup":true,"activationEvent":"*"}
[2019-08-27 15:20:48.727] [exthost] [info] ExtensionService#loadCommonJSModule /usr/share/code/resources/app/extensions/emmet/dist/extension
[2019-08-27 15:20:48.938] [exthost] [info] ExtensionService#_doActivateExtension vscode.git {"startup":true,"activationEvent":"*"}
[2019-08-27 15:20:48.938] [exthost] [info] ExtensionService#loadCommonJSModule /usr/share/code/resources/app/extensions/git/dist/main
[2019-08-27 15:20:49.394] [exthost] [info] ExtensionService#_doActivateExtension vscode.merge-conflict {"startup":true,"activationEvent":"*"}
[2019-08-27 15:20:49.394] [exthost] [info] ExtensionService#loadCommonJSModule /usr/share/code/resources/app/extensions/merge-conflict/dist/extension
[2019-08-27 15:20:49.427] [exthost] [info] eager extensions activated
[2019-08-27 15:22:33.699] [exthost] [info] extension host started
[2019-08-27 15:22:34.452] [exthost] [info] ExtensionService#_doActivateExtension vscode.debug-auto-launch {"startup":true,"activationEvent":"*"}
[2019-08-27 15:22:34.452] [exthost] [info] ExtensionService#loadCommonJSModule /usr/share/code/resources/app/extensions/debug-auto-launch/dist/extension
[2019-08-27 15:22:34.516] [exthost] [info] ExtensionService#_doActivateExtension vscode.emmet {"startup":true,"activationEvent":"*"}
[2019-08-27 15:22:34.516] [exthost] [info] ExtensionService#loadCommonJSModule /usr/share/code/resources/app/extensions/emmet/dist/extension
[2019-08-27 15:22:35.554] [exthost] [info] ExtensionService#_doActivateExtension vscode.git {"startup":true,"activationEvent":"*"}
[2019-08-27 15:22:35.570] [exthost] [info] ExtensionService#loadCommonJSModule /usr/share/code/resources/app/extensions/git/dist/main
[2019-08-27 15:22:36.853] [exthost] [info] ExtensionService#_doActivateExtension vscode.merge-conflict {"startup":true,"activationEvent":"*"}
[2019-08-27 15:22:36.853] [exthost] [info] ExtensionService#loadCommonJSModule /usr/share/code/resources/app/extensions/merge-conflict/dist/extension
[2019-08-27 15:22:40.812] [exthost] [info] ExtensionService#_doActivateExtension p1c2u.docker-compose {"startup":true,"activationEvent":"workspaceContains:**/docker-compose.yml"}
[2019-08-27 15:22:40.812] [exthost] [info] ExtensionService#loadCommonJSModule /home/punyajoy/.vscode/extensions/p1c2u.docker-compose-0.3.5/out/extension
[2019-08-27 15:22:41.367] [exthost] [info] eager extensions activated
[2019-08-27 15:22:49.990] [exthost] [info] ExtensionService#_doActivateExtension formulahendry.docker-explorer {"startup":false,"activationEvent":"onView:DockerHubTreeView"}
[2019-08-27 15:22:49.990] [exthost] [info] ExtensionService#loadCommonJSModule /home/punyajoy/.vscode/extensions/formulahendry.docker-explorer-0.1.6/out/src/extension
[2019-08-27 15:22:54.426] [exthost] [info] ExtensionService#_doActivateExtension ms-azuretools.vscode-docker {"startup":false,"activationEvent":"onView:dockerContainers"}
[2019-08-27 15:22:54.427] [exthost] [info] ExtensionService#loadCommonJSModule /home/punyajoy/.vscode/extensions/ms-azuretools.vscode-docker-0.7.0/main
[2019-08-27 15:26:37.807] [exthost] [info] ExtensionService#_doActivateExtension vscode.python {"startup":false,"activationEvent":"onLanguage:python"}
[2019-08-27 15:26:37.807] [exthost] [info] ExtensionService#loadCommonJSModule /usr/share/code/resources/app/extensions/python/dist/pythonMain
[2019-08-27 15:26:37.823] [exthost] [info] ExtensionService#_doActivateExtension ms-python.python {"startup":false,"activationEvent":"onLanguage:python"}
[2019-08-27 15:26:37.823] [exthost] [info] ExtensionService#loadCommonJSModule /home/punyajoy/.vscode/extensions/ms-python.python-2019.8.30787/out/client/extension
